<?xml version="1.0" encoding="UTF-8"?>
<!-- Generated by org.testng.reporters.JUnitXMLReporter -->
<testsuite hostname="LAPTOP-BAVJ3J78" ignored="0" name="Default test" tests="10" failures="0" timestamp="2021-09-28T19:10:32 IST" time="208.79" errors="0">
  <testcase name="test" time="11.374" classname="com.urban.Runner.testRunner"/>
  <testcase name="testsearch" time="9.364" classname="com.urban.Runner.testRunner"/>
  <testcase name="testcampare" time="5.924" classname="com.urban.Runner.testRunner"/>
  <testcase name="teststore" time="4.862" classname="com.urban.Runner.testRunner"/>
  <testcase name="testprice" time="6.973" classname="com.urban.Runner.testRunner"/>
  <testcase name="testsofa" time="7.357" classname="com.urban.Runner.testRunner"/>
  <testcase name="sortresult" time="6.284" classname="com.urban.Runner.testRunner"/>
  <testcase name="testlinks" time="4.401" classname="com.urban.Runner.testRunner"/>
  <testcase name="testemi" time="4.581" classname="com.urban.Runner.testRunner"/>
  <testcase name="testDeals" time="1.941" classname="com.urban.Runner.testRunner"/>
</testsuite> <!-- Default test -->
