<?xml version="1.0" encoding="UTF-8"?>
<testng-results skipped="0" failed="1" ignored="0" total="10" passed="9">
  <reporter-output>
  </reporter-output>
  <suite name="Default suite" duration-ms="223645" started-at="2021-09-29T22:07:14 IST" finished-at="2021-09-29T22:10:58 IST">
    <groups>
    </groups>
    <test name="Default test" duration-ms="223645" started-at="2021-09-29T22:07:14 IST" finished-at="2021-09-29T22:10:58 IST">
      <class name="com.urban.Runner.testRunner">
        <test-method status="PASS" signature="openbrowser()[pri:0, instance:com.urban.Runner.testRunner@306f16f3]" name="openbrowser" is-config="true" duration-ms="13819" started-at="2021-09-29T22:07:15 IST" finished-at="2021-09-29T22:07:29 IST">
          <reporter-output>
          </reporter-output>
        </test-method> <!-- openbrowser -->
        <test-method status="PASS" signature="test(java.lang.String)[pri:0, instance:com.urban.Runner.testRunner@306f16f3]" name="test" duration-ms="11290" started-at="2021-09-29T22:07:29 IST" data-provider="getdata1" finished-at="2021-09-29T22:07:40 IST">
          <params>
            <param index="0">
              <value>
                <![CDATA[hello]]>
              </value>
            </param>
          </params>
          <reporter-output>
          </reporter-output>
        </test-method> <!-- test -->
        <test-method status="PASS" signature="closebrowser()[pri:0, instance:com.urban.Runner.testRunner@306f16f3]" name="closebrowser" is-config="true" duration-ms="731" started-at="2021-09-29T22:07:40 IST" finished-at="2021-09-29T22:07:41 IST">
          <reporter-output>
          </reporter-output>
        </test-method> <!-- closebrowser -->
        <test-method status="PASS" signature="openbrowser()[pri:0, instance:com.urban.Runner.testRunner@306f16f3]" name="openbrowser" is-config="true" duration-ms="12779" started-at="2021-09-29T22:07:41 IST" finished-at="2021-09-29T22:07:53 IST">
          <reporter-output>
          </reporter-output>
        </test-method> <!-- openbrowser -->
        <test-method status="PASS" signature="testsearch(java.lang.String)[pri:1, instance:com.urban.Runner.testRunner@306f16f3]" name="testsearch" duration-ms="9994" started-at="2021-09-29T22:07:53 IST" data-provider="getdata" finished-at="2021-09-29T22:08:03 IST">
          <params>
            <param index="0">
              <value>
                <![CDATA[chair]]>
              </value>
            </param>
          </params>
          <reporter-output>
          </reporter-output>
        </test-method> <!-- testsearch -->
        <test-method status="PASS" signature="closebrowser()[pri:0, instance:com.urban.Runner.testRunner@306f16f3]" name="closebrowser" is-config="true" duration-ms="724" started-at="2021-09-29T22:08:03 IST" finished-at="2021-09-29T22:08:04 IST">
          <reporter-output>
          </reporter-output>
        </test-method> <!-- closebrowser -->
        <test-method status="PASS" signature="openbrowser()[pri:0, instance:com.urban.Runner.testRunner@306f16f3]" name="openbrowser" is-config="true" duration-ms="12806" started-at="2021-09-29T22:08:04 IST" finished-at="2021-09-29T22:08:17 IST">
          <reporter-output>
          </reporter-output>
        </test-method> <!-- openbrowser -->
        <test-method status="PASS" signature="testcampare(java.lang.String)[pri:2, instance:com.urban.Runner.testRunner@306f16f3]" name="testcampare" duration-ms="14797" started-at="2021-09-29T22:08:17 IST" data-provider="getdata" finished-at="2021-09-29T22:08:32 IST">
          <params>
            <param index="0">
              <value>
                <![CDATA[chair]]>
              </value>
            </param>
          </params>
          <reporter-output>
          </reporter-output>
        </test-method> <!-- testcampare -->
        <test-method status="PASS" signature="closebrowser()[pri:0, instance:com.urban.Runner.testRunner@306f16f3]" name="closebrowser" is-config="true" duration-ms="720" started-at="2021-09-29T22:08:32 IST" finished-at="2021-09-29T22:08:32 IST">
          <reporter-output>
          </reporter-output>
        </test-method> <!-- closebrowser -->
        <test-method status="PASS" signature="openbrowser()[pri:0, instance:com.urban.Runner.testRunner@306f16f3]" name="openbrowser" is-config="true" duration-ms="12663" started-at="2021-09-29T22:08:32 IST" finished-at="2021-09-29T22:08:45 IST">
          <reporter-output>
          </reporter-output>
        </test-method> <!-- openbrowser -->
        <test-method status="PASS" signature="teststore()[pri:3, instance:com.urban.Runner.testRunner@306f16f3]" name="teststore" duration-ms="3190" started-at="2021-09-29T22:08:45 IST" finished-at="2021-09-29T22:08:48 IST">
          <reporter-output>
          </reporter-output>
        </test-method> <!-- teststore -->
        <test-method status="PASS" signature="closebrowser()[pri:0, instance:com.urban.Runner.testRunner@306f16f3]" name="closebrowser" is-config="true" duration-ms="725" started-at="2021-09-29T22:08:48 IST" finished-at="2021-09-29T22:08:49 IST">
          <reporter-output>
          </reporter-output>
        </test-method> <!-- closebrowser -->
        <test-method status="PASS" signature="openbrowser()[pri:0, instance:com.urban.Runner.testRunner@306f16f3]" name="openbrowser" is-config="true" duration-ms="12346" started-at="2021-09-29T22:08:49 IST" finished-at="2021-09-29T22:09:01 IST">
          <reporter-output>
          </reporter-output>
        </test-method> <!-- openbrowser -->
        <test-method status="PASS" signature="testprice(java.lang.String)[pri:4, instance:com.urban.Runner.testRunner@306f16f3]" name="testprice" duration-ms="5809" started-at="2021-09-29T22:09:01 IST" data-provider="getdata2" finished-at="2021-09-29T22:09:07 IST">
          <params>
            <param index="0">
              <value>
                <![CDATA[bench]]>
              </value>
            </param>
          </params>
          <reporter-output>
          </reporter-output>
        </test-method> <!-- testprice -->
        <test-method status="PASS" signature="closebrowser()[pri:0, instance:com.urban.Runner.testRunner@306f16f3]" name="closebrowser" is-config="true" duration-ms="741" started-at="2021-09-29T22:09:07 IST" finished-at="2021-09-29T22:09:08 IST">
          <reporter-output>
          </reporter-output>
        </test-method> <!-- closebrowser -->
        <test-method status="PASS" signature="openbrowser()[pri:0, instance:com.urban.Runner.testRunner@306f16f3]" name="openbrowser" is-config="true" duration-ms="12454" started-at="2021-09-29T22:09:08 IST" finished-at="2021-09-29T22:09:20 IST">
          <reporter-output>
          </reporter-output>
        </test-method> <!-- openbrowser -->
        <test-method status="FAIL" signature="testsofa(java.lang.String)[pri:5, instance:com.urban.Runner.testRunner@306f16f3]" name="testsofa" duration-ms="1097" started-at="2021-09-29T22:09:20 IST" data-provider="getdata3" finished-at="2021-09-29T22:09:21 IST">
          <params>
            <param index="0">
              <value>
                <![CDATA[sofa]]>
              </value>
            </param>
          </params>
          <exception class="org.openqa.selenium.ElementClickInterceptedException">
            <message>
              <![CDATA[element click intercepted: Element <input type="search" name="keywords" id="search" value="" placeholder="Search" itemprop="query-input" class="typeahead tt-input" autocomplete="off" spellcheck="false" dir="auto" style="position: relative; vertical-align: top; background-color: transparent;"> is not clickable at point (501, 118). Other element would receive the click: <img class="prodimg" alt="Online Furniture" src="https://www.ulcdn.net/media/subscription_popup/TMY-POPUP.jpg?1630341456">
  (Session info: chrome=94.0.4606.61)
Build info: version: '3.141.59', revision: 'e82be7d358', time: '2018-11-14T08:17:03'
System info: host: 'LAPTOP-BAVJ3J78', ip: '192.168.37.136', os.name: 'Windows 10', os.arch: 'amd64', os.version: '10.0', java.version: '1.8.0_144'
Driver info: org.openqa.selenium.chrome.ChromeDriver
Capabilities {acceptInsecureCerts: false, browserName: chrome, browserVersion: 94.0.4606.61, chrome: {chromedriverVersion: 94.0.4606.41 (333e85df3c9b6..., userDataDir: C:\Users\Mohan.S\AppData\Lo...}, goog:chromeOptions: {debuggerAddress: localhost:53141}, javascriptEnabled: true, networkConnectionEnabled: false, pageLoadStrategy: normal, platform: WINDOWS, platformName: WINDOWS, proxy: Proxy(), setWindowRect: true, strictFileInteractability: false, timeouts: {implicit: 0, pageLoad: 300000, script: 30000}, unhandledPromptBehavior: dismiss and notify, webauthn:extension:credBlob: true, webauthn:extension:largeBlob: true, webauthn:virtualAuthenticators: true}
Session ID: f7fafa20cca8084eab5fbc98edee1707]]>
            </message>
            <full-stacktrace>
              <![CDATA[org.openqa.selenium.ElementClickInterceptedException: element click intercepted: Element <input type="search" name="keywords" id="search" value="" placeholder="Search" itemprop="query-input" class="typeahead tt-input" autocomplete="off" spellcheck="false" dir="auto" style="position: relative; vertical-align: top; background-color: transparent;"> is not clickable at point (501, 118). Other element would receive the click: <img class="prodimg" alt="Online Furniture" src="https://www.ulcdn.net/media/subscription_popup/TMY-POPUP.jpg?1630341456">
  (Session info: chrome=94.0.4606.61)
Build info: version: '3.141.59', revision: 'e82be7d358', time: '2018-11-14T08:17:03'
System info: host: 'LAPTOP-BAVJ3J78', ip: '192.168.37.136', os.name: 'Windows 10', os.arch: 'amd64', os.version: '10.0', java.version: '1.8.0_144'
Driver info: org.openqa.selenium.chrome.ChromeDriver
Capabilities {acceptInsecureCerts: false, browserName: chrome, browserVersion: 94.0.4606.61, chrome: {chromedriverVersion: 94.0.4606.41 (333e85df3c9b6..., userDataDir: C:\Users\Mohan.S\AppData\Lo...}, goog:chromeOptions: {debuggerAddress: localhost:53141}, javascriptEnabled: true, networkConnectionEnabled: false, pageLoadStrategy: normal, platform: WINDOWS, platformName: WINDOWS, proxy: Proxy(), setWindowRect: true, strictFileInteractability: false, timeouts: {implicit: 0, pageLoad: 300000, script: 30000}, unhandledPromptBehavior: dismiss and notify, webauthn:extension:credBlob: true, webauthn:extension:largeBlob: true, webauthn:virtualAuthenticators: true}
Session ID: f7fafa20cca8084eab5fbc98edee1707
at sun.reflect.NativeConstructorAccessorImpl.newInstance0(Native Method)
at sun.reflect.NativeConstructorAccessorImpl.newInstance(NativeConstructorAccessorImpl.java:62)
at sun.reflect.DelegatingConstructorAccessorImpl.newInstance(DelegatingConstructorAccessorImpl.java:45)
at java.lang.reflect.Constructor.newInstance(Constructor.java:423)
at org.openqa.selenium.remote.http.W3CHttpResponseCodec.createException(W3CHttpResponseCodec.java:187)
at org.openqa.selenium.remote.http.W3CHttpResponseCodec.decode(W3CHttpResponseCodec.java:122)
at org.openqa.selenium.remote.http.W3CHttpResponseCodec.decode(W3CHttpResponseCodec.java:49)
at org.openqa.selenium.remote.HttpCommandExecutor.execute(HttpCommandExecutor.java:158)
at org.openqa.selenium.remote.service.DriverCommandExecutor.execute(DriverCommandExecutor.java:83)
at org.openqa.selenium.remote.RemoteWebDriver.execute(RemoteWebDriver.java:552)
at org.openqa.selenium.remote.RemoteWebElement.execute(RemoteWebElement.java:285)
at org.openqa.selenium.remote.RemoteWebElement.click(RemoteWebElement.java:84)
at com.urban.ReuseableComponents.Methods.soafclick(Methods.java:152)
at com.urban.pageobject.sofa.storetab(sofa.java:10)
at com.urban.Runner.testRunner.testsofa(testRunner.java:112)
at sun.reflect.NativeMethodAccessorImpl.invoke0(Native Method)
at sun.reflect.NativeMethodAccessorImpl.invoke(NativeMethodAccessorImpl.java:62)
at sun.reflect.DelegatingMethodAccessorImpl.invoke(DelegatingMethodAccessorImpl.java:43)
at java.lang.reflect.Method.invoke(Method.java:498)
at org.testng.internal.MethodInvocationHelper.invokeMethod(MethodInvocationHelper.java:133)
at org.testng.internal.TestInvoker.invokeMethod(TestInvoker.java:598)
at org.testng.internal.TestInvoker.invokeTestMethod(TestInvoker.java:173)
at org.testng.internal.MethodRunner.runInSequence(MethodRunner.java:46)
at org.testng.internal.TestInvoker$MethodInvocationAgent.invoke(TestInvoker.java:824)
at org.testng.internal.TestInvoker.invokeTestMethods(TestInvoker.java:146)
at org.testng.internal.TestMethodWorker.invokeTestMethods(TestMethodWorker.java:146)
at org.testng.internal.TestMethodWorker.run(TestMethodWorker.java:128)
at java.util.ArrayList.forEach(ArrayList.java:1249)
at org.testng.TestRunner.privateRun(TestRunner.java:794)
at org.testng.TestRunner.run(TestRunner.java:596)
at org.testng.SuiteRunner.runTest(SuiteRunner.java:377)
at org.testng.SuiteRunner.runSequentially(SuiteRunner.java:371)
at org.testng.SuiteRunner.privateRun(SuiteRunner.java:332)
at org.testng.SuiteRunner.run(SuiteRunner.java:276)
at org.testng.SuiteRunnerWorker.runSuite(SuiteRunnerWorker.java:53)
at org.testng.SuiteRunnerWorker.run(SuiteRunnerWorker.java:96)
at org.testng.TestNG.runSuitesSequentially(TestNG.java:1212)
at org.testng.TestNG.runSuitesLocally(TestNG.java:1134)
at org.testng.TestNG.runSuites(TestNG.java:1063)
at org.testng.TestNG.run(TestNG.java:1031)
at org.testng.remote.AbstractRemoteTestNG.run(AbstractRemoteTestNG.java:115)
at org.testng.remote.RemoteTestNG.initAndRun(RemoteTestNG.java:251)
at org.testng.remote.RemoteTestNG.main(RemoteTestNG.java:77)
]]>
            </full-stacktrace>
          </exception> <!-- org.openqa.selenium.ElementClickInterceptedException -->
          <reporter-output>
          </reporter-output>
        </test-method> <!-- testsofa -->
        <test-method status="PASS" signature="closebrowser()[pri:0, instance:com.urban.Runner.testRunner@306f16f3]" name="closebrowser" is-config="true" duration-ms="700" started-at="2021-09-29T22:09:21 IST" finished-at="2021-09-29T22:09:22 IST">
          <reporter-output>
          </reporter-output>
        </test-method> <!-- closebrowser -->
        <test-method status="PASS" signature="openbrowser()[pri:0, instance:com.urban.Runner.testRunner@306f16f3]" name="openbrowser" is-config="true" duration-ms="12868" started-at="2021-09-29T22:09:22 IST" finished-at="2021-09-29T22:09:35 IST">
          <reporter-output>
          </reporter-output>
        </test-method> <!-- openbrowser -->
        <test-method status="PASS" signature="sortresult(java.lang.String)[pri:6, instance:com.urban.Runner.testRunner@306f16f3]" name="sortresult" duration-ms="6162" started-at="2021-09-29T22:09:35 IST" data-provider="getdata4" finished-at="2021-09-29T22:09:41 IST">
          <params>
            <param index="0">
              <value>
                <![CDATA[Wall mirrors]]>
              </value>
            </param>
          </params>
          <reporter-output>
          </reporter-output>
        </test-method> <!-- sortresult -->
        <test-method status="PASS" signature="closebrowser()[pri:0, instance:com.urban.Runner.testRunner@306f16f3]" name="closebrowser" is-config="true" duration-ms="715" started-at="2021-09-29T22:09:41 IST" finished-at="2021-09-29T22:09:42 IST">
          <reporter-output>
          </reporter-output>
        </test-method> <!-- closebrowser -->
        <test-method status="PASS" signature="openbrowser()[pri:0, instance:com.urban.Runner.testRunner@306f16f3]" name="openbrowser" is-config="true" duration-ms="12393" started-at="2021-09-29T22:09:42 IST" finished-at="2021-09-29T22:09:54 IST">
          <reporter-output>
          </reporter-output>
        </test-method> <!-- openbrowser -->
        <test-method status="PASS" signature="testlinks()[pri:7, instance:com.urban.Runner.testRunner@306f16f3]" name="testlinks" duration-ms="3491" started-at="2021-09-29T22:09:54 IST" finished-at="2021-09-29T22:09:58 IST">
          <reporter-output>
          </reporter-output>
        </test-method> <!-- testlinks -->
        <test-method status="PASS" signature="closebrowser()[pri:0, instance:com.urban.Runner.testRunner@306f16f3]" name="closebrowser" is-config="true" duration-ms="752" started-at="2021-09-29T22:09:58 IST" finished-at="2021-09-29T22:09:58 IST">
          <reporter-output>
          </reporter-output>
        </test-method> <!-- closebrowser -->
        <test-method status="PASS" signature="openbrowser()[pri:0, instance:com.urban.Runner.testRunner@306f16f3]" name="openbrowser" is-config="true" duration-ms="12398" started-at="2021-09-29T22:09:58 IST" finished-at="2021-09-29T22:10:11 IST">
          <reporter-output>
          </reporter-output>
        </test-method> <!-- openbrowser -->
        <test-method status="PASS" signature="testemi()[pri:8, instance:com.urban.Runner.testRunner@306f16f3]" name="testemi" duration-ms="31407" started-at="2021-09-29T22:10:11 IST" finished-at="2021-09-29T22:10:42 IST">
          <reporter-output>
          </reporter-output>
        </test-method> <!-- testemi -->
        <test-method status="PASS" signature="closebrowser()[pri:0, instance:com.urban.Runner.testRunner@306f16f3]" name="closebrowser" is-config="true" duration-ms="704" started-at="2021-09-29T22:10:42 IST" finished-at="2021-09-29T22:10:43 IST">
          <reporter-output>
          </reporter-output>
        </test-method> <!-- closebrowser -->
        <test-method status="PASS" signature="openbrowser()[pri:0, instance:com.urban.Runner.testRunner@306f16f3]" name="openbrowser" is-config="true" duration-ms="12603" started-at="2021-09-29T22:10:43 IST" finished-at="2021-09-29T22:10:56 IST">
          <reporter-output>
          </reporter-output>
        </test-method> <!-- openbrowser -->
        <test-method status="PASS" signature="testDeals()[pri:9, instance:com.urban.Runner.testRunner@306f16f3]" name="testDeals" duration-ms="1352" started-at="2021-09-29T22:10:56 IST" finished-at="2021-09-29T22:10:57 IST">
          <reporter-output>
          </reporter-output>
        </test-method> <!-- testDeals -->
        <test-method status="PASS" signature="closebrowser()[pri:0, instance:com.urban.Runner.testRunner@306f16f3]" name="closebrowser" is-config="true" duration-ms="717" started-at="2021-09-29T22:10:57 IST" finished-at="2021-09-29T22:10:58 IST">
          <reporter-output>
          </reporter-output>
        </test-method> <!-- closebrowser -->
      </class> <!-- com.urban.Runner.testRunner -->
    </test> <!-- Default test -->
  </suite> <!-- Default suite -->
</testng-results>
