<?xml version="1.0" encoding="UTF-8"?>
<testng-results skipped="0" failed="0" ignored="0" total="10" passed="10">
  <reporter-output>
  </reporter-output>
  <suite name="Default suite" duration-ms="208790" started-at="2021-09-28T19:07:03 IST" finished-at="2021-09-28T19:10:32 IST">
    <groups>
    </groups>
    <test name="Default test" duration-ms="208790" started-at="2021-09-28T19:07:03 IST" finished-at="2021-09-28T19:10:32 IST">
      <class name="com.urban.Runner.testRunner">
        <test-method status="PASS" signature="openbrowser()[pri:0, instance:com.urban.Runner.testRunner@2e55dd0c]" name="openbrowser" is-config="true" duration-ms="15555" started-at="2021-09-28T19:07:04 IST" finished-at="2021-09-28T19:07:20 IST">
          <reporter-output>
          </reporter-output>
        </test-method> <!-- openbrowser -->
        <test-method status="PASS" signature="test(java.lang.String)[pri:0, instance:com.urban.Runner.testRunner@2e55dd0c]" name="test" duration-ms="11374" started-at="2021-09-28T19:07:20 IST" data-provider="getdata1" finished-at="2021-09-28T19:07:31 IST">
          <params>
            <param index="0">
              <value>
                <![CDATA[hello]]>
              </value>
            </param>
          </params>
          <reporter-output>
          </reporter-output>
        </test-method> <!-- test -->
        <test-method status="PASS" signature="closebrowser()[pri:0, instance:com.urban.Runner.testRunner@2e55dd0c]" name="closebrowser" is-config="true" duration-ms="806" started-at="2021-09-28T19:07:31 IST" finished-at="2021-09-28T19:07:32 IST">
          <reporter-output>
          </reporter-output>
        </test-method> <!-- closebrowser -->
        <test-method status="PASS" signature="openbrowser()[pri:0, instance:com.urban.Runner.testRunner@2e55dd0c]" name="openbrowser" is-config="true" duration-ms="13037" started-at="2021-09-28T19:07:32 IST" finished-at="2021-09-28T19:07:45 IST">
          <reporter-output>
          </reporter-output>
        </test-method> <!-- openbrowser -->
        <test-method status="PASS" signature="testsearch(java.lang.String)[pri:1, instance:com.urban.Runner.testRunner@2e55dd0c]" name="testsearch" duration-ms="9364" started-at="2021-09-28T19:07:45 IST" data-provider="getdata" finished-at="2021-09-28T19:07:54 IST">
          <params>
            <param index="0">
              <value>
                <![CDATA[chair]]>
              </value>
            </param>
          </params>
          <reporter-output>
          </reporter-output>
        </test-method> <!-- testsearch -->
        <test-method status="PASS" signature="closebrowser()[pri:0, instance:com.urban.Runner.testRunner@2e55dd0c]" name="closebrowser" is-config="true" duration-ms="843" started-at="2021-09-28T19:07:54 IST" finished-at="2021-09-28T19:07:55 IST">
          <reporter-output>
          </reporter-output>
        </test-method> <!-- closebrowser -->
        <test-method status="PASS" signature="openbrowser()[pri:0, instance:com.urban.Runner.testRunner@2e55dd0c]" name="openbrowser" is-config="true" duration-ms="12978" started-at="2021-09-28T19:07:55 IST" finished-at="2021-09-28T19:08:08 IST">
          <reporter-output>
          </reporter-output>
        </test-method> <!-- openbrowser -->
        <test-method status="PASS" signature="testcampare(java.lang.String)[pri:2, instance:com.urban.Runner.testRunner@2e55dd0c]" name="testcampare" duration-ms="5924" started-at="2021-09-28T19:08:08 IST" data-provider="getdata" finished-at="2021-09-28T19:08:14 IST">
          <params>
            <param index="0">
              <value>
                <![CDATA[chair]]>
              </value>
            </param>
          </params>
          <reporter-output>
          </reporter-output>
        </test-method> <!-- testcampare -->
        <test-method status="PASS" signature="closebrowser()[pri:0, instance:com.urban.Runner.testRunner@2e55dd0c]" name="closebrowser" is-config="true" duration-ms="856" started-at="2021-09-28T19:08:14 IST" finished-at="2021-09-28T19:08:15 IST">
          <reporter-output>
          </reporter-output>
        </test-method> <!-- closebrowser -->
        <test-method status="PASS" signature="openbrowser()[pri:0, instance:com.urban.Runner.testRunner@2e55dd0c]" name="openbrowser" is-config="true" duration-ms="13344" started-at="2021-09-28T19:08:15 IST" finished-at="2021-09-28T19:08:28 IST">
          <reporter-output>
          </reporter-output>
        </test-method> <!-- openbrowser -->
        <test-method status="PASS" signature="teststore()[pri:3, instance:com.urban.Runner.testRunner@2e55dd0c]" name="teststore" duration-ms="4862" started-at="2021-09-28T19:08:28 IST" finished-at="2021-09-28T19:08:33 IST">
          <reporter-output>
          </reporter-output>
        </test-method> <!-- teststore -->
        <test-method status="PASS" signature="closebrowser()[pri:0, instance:com.urban.Runner.testRunner@2e55dd0c]" name="closebrowser" is-config="true" duration-ms="817" started-at="2021-09-28T19:08:33 IST" finished-at="2021-09-28T19:08:34 IST">
          <reporter-output>
          </reporter-output>
        </test-method> <!-- closebrowser -->
        <test-method status="PASS" signature="openbrowser()[pri:0, instance:com.urban.Runner.testRunner@2e55dd0c]" name="openbrowser" is-config="true" duration-ms="13060" started-at="2021-09-28T19:08:34 IST" finished-at="2021-09-28T19:08:47 IST">
          <reporter-output>
          </reporter-output>
        </test-method> <!-- openbrowser -->
        <test-method status="PASS" signature="testprice(java.lang.String)[pri:4, instance:com.urban.Runner.testRunner@2e55dd0c]" name="testprice" duration-ms="6973" started-at="2021-09-28T19:08:47 IST" data-provider="getdata2" finished-at="2021-09-28T19:08:54 IST">
          <params>
            <param index="0">
              <value>
                <![CDATA[bench]]>
              </value>
            </param>
          </params>
          <reporter-output>
          </reporter-output>
        </test-method> <!-- testprice -->
        <test-method status="PASS" signature="closebrowser()[pri:0, instance:com.urban.Runner.testRunner@2e55dd0c]" name="closebrowser" is-config="true" duration-ms="815" started-at="2021-09-28T19:08:54 IST" finished-at="2021-09-28T19:08:55 IST">
          <reporter-output>
          </reporter-output>
        </test-method> <!-- closebrowser -->
        <test-method status="PASS" signature="openbrowser()[pri:0, instance:com.urban.Runner.testRunner@2e55dd0c]" name="openbrowser" is-config="true" duration-ms="13336" started-at="2021-09-28T19:08:55 IST" finished-at="2021-09-28T19:09:08 IST">
          <reporter-output>
          </reporter-output>
        </test-method> <!-- openbrowser -->
        <test-method status="PASS" signature="testsofa(java.lang.String)[pri:5, instance:com.urban.Runner.testRunner@2e55dd0c]" name="testsofa" duration-ms="7357" started-at="2021-09-28T19:09:08 IST" data-provider="getdata3" finished-at="2021-09-28T19:09:15 IST">
          <params>
            <param index="0">
              <value>
                <![CDATA[sofa]]>
              </value>
            </param>
          </params>
          <reporter-output>
          </reporter-output>
        </test-method> <!-- testsofa -->
        <test-method status="PASS" signature="closebrowser()[pri:0, instance:com.urban.Runner.testRunner@2e55dd0c]" name="closebrowser" is-config="true" duration-ms="818" started-at="2021-09-28T19:09:15 IST" finished-at="2021-09-28T19:09:16 IST">
          <reporter-output>
          </reporter-output>
        </test-method> <!-- closebrowser -->
        <test-method status="PASS" signature="openbrowser()[pri:0, instance:com.urban.Runner.testRunner@2e55dd0c]" name="openbrowser" is-config="true" duration-ms="13858" started-at="2021-09-28T19:09:16 IST" finished-at="2021-09-28T19:09:30 IST">
          <reporter-output>
          </reporter-output>
        </test-method> <!-- openbrowser -->
        <test-method status="PASS" signature="sortresult(java.lang.String)[pri:6, instance:com.urban.Runner.testRunner@2e55dd0c]" name="sortresult" duration-ms="6284" started-at="2021-09-28T19:09:30 IST" data-provider="getdata4" finished-at="2021-09-28T19:09:36 IST">
          <params>
            <param index="0">
              <value>
                <![CDATA[Wall mirrors]]>
              </value>
            </param>
          </params>
          <reporter-output>
          </reporter-output>
        </test-method> <!-- sortresult -->
        <test-method status="PASS" signature="closebrowser()[pri:0, instance:com.urban.Runner.testRunner@2e55dd0c]" name="closebrowser" is-config="true" duration-ms="799" started-at="2021-09-28T19:09:36 IST" finished-at="2021-09-28T19:09:37 IST">
          <reporter-output>
          </reporter-output>
        </test-method> <!-- closebrowser -->
        <test-method status="PASS" signature="openbrowser()[pri:0, instance:com.urban.Runner.testRunner@2e55dd0c]" name="openbrowser" is-config="true" duration-ms="13238" started-at="2021-09-28T19:09:37 IST" finished-at="2021-09-28T19:09:50 IST">
          <reporter-output>
          </reporter-output>
        </test-method> <!-- openbrowser -->
        <test-method status="PASS" signature="testlinks()[pri:7, instance:com.urban.Runner.testRunner@2e55dd0c]" name="testlinks" duration-ms="4401" started-at="2021-09-28T19:09:50 IST" finished-at="2021-09-28T19:09:55 IST">
          <reporter-output>
          </reporter-output>
        </test-method> <!-- testlinks -->
        <test-method status="PASS" signature="closebrowser()[pri:0, instance:com.urban.Runner.testRunner@2e55dd0c]" name="closebrowser" is-config="true" duration-ms="810" started-at="2021-09-28T19:09:55 IST" finished-at="2021-09-28T19:09:56 IST">
          <reporter-output>
          </reporter-output>
        </test-method> <!-- closebrowser -->
        <test-method status="PASS" signature="openbrowser()[pri:0, instance:com.urban.Runner.testRunner@2e55dd0c]" name="openbrowser" is-config="true" duration-ms="13450" started-at="2021-09-28T19:09:56 IST" finished-at="2021-09-28T19:10:09 IST">
          <reporter-output>
          </reporter-output>
        </test-method> <!-- openbrowser -->
        <test-method status="PASS" signature="testemi()[pri:8, instance:com.urban.Runner.testRunner@2e55dd0c]" name="testemi" duration-ms="4581" started-at="2021-09-28T19:10:09 IST" finished-at="2021-09-28T19:10:14 IST">
          <reporter-output>
          </reporter-output>
        </test-method> <!-- testemi -->
        <test-method status="PASS" signature="closebrowser()[pri:0, instance:com.urban.Runner.testRunner@2e55dd0c]" name="closebrowser" is-config="true" duration-ms="832" started-at="2021-09-28T19:10:14 IST" finished-at="2021-09-28T19:10:14 IST">
          <reporter-output>
          </reporter-output>
        </test-method> <!-- closebrowser -->
        <test-method status="PASS" signature="openbrowser()[pri:0, instance:com.urban.Runner.testRunner@2e55dd0c]" name="openbrowser" is-config="true" duration-ms="14700" started-at="2021-09-28T19:10:14 IST" finished-at="2021-09-28T19:10:29 IST">
          <reporter-output>
          </reporter-output>
        </test-method> <!-- openbrowser -->
        <test-method status="PASS" signature="testDeals()[pri:9, instance:com.urban.Runner.testRunner@2e55dd0c]" name="testDeals" duration-ms="1941" started-at="2021-09-28T19:10:29 IST" finished-at="2021-09-28T19:10:31 IST">
          <reporter-output>
          </reporter-output>
        </test-method> <!-- testDeals -->
        <test-method status="PASS" signature="closebrowser()[pri:0, instance:com.urban.Runner.testRunner@2e55dd0c]" name="closebrowser" is-config="true" duration-ms="766" started-at="2021-09-28T19:10:31 IST" finished-at="2021-09-28T19:10:32 IST">
          <reporter-output>
          </reporter-output>
        </test-method> <!-- closebrowser -->
      </class> <!-- com.urban.Runner.testRunner -->
    </test> <!-- Default test -->
  </suite> <!-- Default suite -->
</testng-results>
